<?xml version="1.0" encoding="UTF-8"?>
<!-- Generated by org.testng.reporters.JUnitXMLReporter -->
<testsuite ignored="0" hostname="Abdullah-Harun" failures="1" tests="30" name="Default test" time="426.784" errors="0" timestamp="2022-10-01T16:17:53 EDT">
  <testcase classname="testPages.HomePageTest" name="logoTest" time="6.107"/>
  <testcase classname="testPages.HomePageTest" name="aboutUsclicked" time="11.171"/>
  <testcase classname="testPages.HomePageTest" name="ATMLocationclicked" time="7.078"/>
  <testcase classname="testPages.HomePageTest" name="redColorSignButtonFieldTest" time="8.052"/>
  <testcase classname="testPages.HomePageTest" name="whitecolorSignonButtonclicked" time="7.122"/>
  <testcase classname="testPages.HomePageTest" name="forgotUsernameOrPasswordclicked" time="6.881"/>
  <testcase classname="testPages.HomePageTest" name="Privacy_Cookies_and_Legal_clicked_Test" time="7.912"/>
  <testcase classname="testPages.HomePageTest" name="searchbuttonIdclickedTest" time="6.199"/>
  <testcase classname="testPages.HomePageTest" name="clicked_Security_Center_Test" time="11.6"/>
  <testcase classname="testPages.HomePageTest" name="redcolorsignonbuttonclickedTest" time="9.794"/>
  <testcase classname="testPages.HomePageTest" name="startNowButtonClicked" time="7.112"/>
  <testcase classname="testPages.HomePageTest" name="privacyCookiesandLegal" time="23.174">
    <failure type="org.openqa.selenium.TimeoutException" message="timeout: Timed out receiving message from renderer: 20.000
  (Session info: chrome=105.0.5195.127)
Build info: version: &amp;apos;4.4.0&amp;apos;, revision: &amp;apos;e5c75ed026a&amp;apos;
System info: host: &amp;apos;ABDULLAH-HARUN&amp;apos;, ip: &amp;apos;192.168.0.25&amp;apos;, os.name: &amp;apos;Windows 11&amp;apos;, os.arch: &amp;apos;amd64&amp;apos;, os.version: &amp;apos;10.0&amp;apos;, java.version: &amp;apos;17.0.3&amp;apos;
Driver info: org.openqa.selenium.chrome.ChromeDriver
Command: [5b795e0d9afd0803084087b232fb7ebd, clickElement {id=84e90b15-6c84-4d87-a22b-3314170f0d62}]
Capabilities {acceptInsecureCerts: false, browserName: chrome, browserVersion: 105.0.5195.127, chrome: {chromedriverVersion: 105.0.5195.52 (412c95e51883..., userDataDir: C:\Users\aalha\AppData\Loca...}, goog:chromeOptions: {debuggerAddress: localhost:61557}, networkConnectionEnabled: false, pageLoadStrategy: normal, platformName: WINDOWS, proxy: Proxy(), se:cdp: ws://localhost:61557/devtoo..., se:cdpVersion: 105.0.5195.127, setWindowRect: true, strictFileInteractability: false, timeouts: {implicit: 0, pageLoad: 300000, script: 30000}, unhandledPromptBehavior: dismiss and notify, webauthn:extension:credBlob: true, webauthn:extension:largeBlob: true, webauthn:virtualAuthenticators: true}
Element: [[ChromeDriver: chrome on WINDOWS (5b795e0d9afd0803084087b232fb7ebd)] -&amp;gt; link text: Privacy, Cookies, and Legal]
Session ID: 5b795e0d9afd0803084087b232fb7ebd">
      <![CDATA[org.openqa.selenium.TimeoutException: timeout: Timed out receiving message from renderer: 20.000
  (Session info: chrome=105.0.5195.127)
Build info: version: '4.4.0', revision: 'e5c75ed026a'
System info: host: 'ABDULLAH-HARUN', ip: '192.168.0.25', os.name: 'Windows 11', os.arch: 'amd64', os.version: '10.0', java.version: '17.0.3'
Driver info: org.openqa.selenium.chrome.ChromeDriver
Command: [5b795e0d9afd0803084087b232fb7ebd, clickElement {id=84e90b15-6c84-4d87-a22b-3314170f0d62}]
Capabilities {acceptInsecureCerts: false, browserName: chrome, browserVersion: 105.0.5195.127, chrome: {chromedriverVersion: 105.0.5195.52 (412c95e51883..., userDataDir: C:\Users\aalha\AppData\Loca...}, goog:chromeOptions: {debuggerAddress: localhost:61557}, networkConnectionEnabled: false, pageLoadStrategy: normal, platformName: WINDOWS, proxy: Proxy(), se:cdp: ws://localhost:61557/devtoo..., se:cdpVersion: 105.0.5195.127, setWindowRect: true, strictFileInteractability: false, timeouts: {implicit: 0, pageLoad: 300000, script: 30000}, unhandledPromptBehavior: dismiss and notify, webauthn:extension:credBlob: true, webauthn:extension:largeBlob: true, webauthn:virtualAuthenticators: true}
Element: [[ChromeDriver: chrome on WINDOWS (5b795e0d9afd0803084087b232fb7ebd)] -> link text: Privacy, Cookies, and Legal]
Session ID: 5b795e0d9afd0803084087b232fb7ebd
at java.base/jdk.internal.reflect.NativeConstructorAccessorImpl.newInstance0(Native Method)
at java.base/jdk.internal.reflect.NativeConstructorAccessorImpl.newInstance(NativeConstructorAccessorImpl.java:77)
at java.base/jdk.internal.reflect.DelegatingConstructorAccessorImpl.newInstance(DelegatingConstructorAccessorImpl.java:45)
at java.base/java.lang.reflect.Constructor.newInstanceWithCaller(Constructor.java:499)
at java.base/java.lang.reflect.Constructor.newInstance(Constructor.java:480)
at org.openqa.selenium.remote.codec.w3c.W3CHttpResponseCodec.createException(W3CHttpResponseCodec.java:200)
at org.openqa.selenium.remote.codec.w3c.W3CHttpResponseCodec.decode(W3CHttpResponseCodec.java:133)
at org.openqa.selenium.remote.codec.w3c.W3CHttpResponseCodec.decode(W3CHttpResponseCodec.java:53)
at org.openqa.selenium.remote.HttpCommandExecutor.execute(HttpCommandExecutor.java:184)
at org.openqa.selenium.remote.service.DriverCommandExecutor.invokeExecute(DriverCommandExecutor.java:167)
at org.openqa.selenium.remote.service.DriverCommandExecutor.execute(DriverCommandExecutor.java:142)
at org.openqa.selenium.remote.RemoteWebDriver.execute(RemoteWebDriver.java:547)
at org.openqa.selenium.remote.RemoteWebElement.execute(RemoteWebElement.java:257)
at org.openqa.selenium.remote.RemoteWebElement.click(RemoteWebElement.java:78)
at testPages.HomePageTest.privacyCookiesandLegal(HomePageTest.java:82)
at java.base/jdk.internal.reflect.NativeMethodAccessorImpl.invoke0(Native Method)
at java.base/jdk.internal.reflect.NativeMethodAccessorImpl.invoke(NativeMethodAccessorImpl.java:77)
at java.base/jdk.internal.reflect.DelegatingMethodAccessorImpl.invoke(DelegatingMethodAccessorImpl.java:43)
at java.base/java.lang.reflect.Method.invoke(Method.java:568)
at org.testng.internal.invokers.MethodInvocationHelper.invokeMethod(MethodInvocationHelper.java:139)
at org.testng.internal.invokers.TestInvoker.invokeMethod(TestInvoker.java:677)
at org.testng.internal.invokers.TestInvoker.invokeTestMethod(TestInvoker.java:221)
at org.testng.internal.invokers.MethodRunner.runInSequence(MethodRunner.java:50)
at org.testng.internal.invokers.TestInvoker$MethodInvocationAgent.invoke(TestInvoker.java:962)
at org.testng.internal.invokers.TestInvoker.invokeTestMethods(TestInvoker.java:194)
at org.testng.internal.invokers.TestMethodWorker.invokeTestMethods(TestMethodWorker.java:148)
at org.testng.internal.invokers.TestMethodWorker.run(TestMethodWorker.java:128)
at java.base/java.util.ArrayList.forEach(ArrayList.java:1511)
at org.testng.TestRunner.privateRun(TestRunner.java:806)
at org.testng.TestRunner.run(TestRunner.java:601)
at org.testng.SuiteRunner.runTest(SuiteRunner.java:433)
at org.testng.SuiteRunner.runSequentially(SuiteRunner.java:427)
at org.testng.SuiteRunner.privateRun(SuiteRunner.java:387)
at org.testng.SuiteRunner.run(SuiteRunner.java:330)
at org.testng.SuiteRunnerWorker.runSuite(SuiteRunnerWorker.java:52)
at org.testng.SuiteRunnerWorker.run(SuiteRunnerWorker.java:95)
at org.testng.TestNG.runSuitesSequentially(TestNG.java:1256)
at org.testng.TestNG.runSuitesLocally(TestNG.java:1176)
at org.testng.TestNG.runSuites(TestNG.java:1099)
at org.testng.TestNG.run(TestNG.java:1067)
at org.testng.remote.AbstractRemoteTestNG.run(AbstractRemoteTestNG.java:115)
at org.testng.remote.RemoteTestNG.initAndRun(RemoteTestNG.java:251)
at org.testng.remote.RemoteTestNG.main(RemoteTestNG.java:77)
]]>
    </failure>
  </testcase> <!-- privacyCookiesandLegal -->
  <testcase classname="testPages.HomePageTest" name="privacyCookiesandLegal01" time="17.878"/>
  <testcase classname="testPages.HomePageTest" name="whiteColorsignonbuttonclicked" time="6.699"/>
  <testcase classname="testPages.HomePageTest" name="findaLocationClicked" time="7.022"/>
  <testcase classname="testPages.HomePageTest" name="redcolorSignOnButtonClicked01" time="7.892"/>
  <testcase classname="testPages.HomePageTest" name="redcolorSignOnButtonClicked02" time="7.931"/>
  <testcase classname="testPages.HomePageTest" name="tableTest" time="4.153"/>
  <testcase classname="testPages.HomePageTest" name="logoTest02" time="0.185"/>
  <testcase classname="testPages.HomePageTest" name="redColorSignonButtonClickedTest" time="6.228"/>
  <testcase classname="testPages.HomePageTest" name="save_Username_Is_Selected_Test" time="6.051"/>
  <testcase classname="testPages.HomePageTest" name="A_Use_Of_gettitle_method" time="6.035"/>
  <testcase classname="testPages.HomePageTest" name="A_use_of_gettext_method" time="6.041"/>
  <testcase classname="testPages.HomePageTest" name="use_op_getCurrentURL_method" time="16.688"/>
  <testcase classname="testPages.HomePageTest" name="use_of_getattribute_method" time="0.437"/>
  <testcase classname="testPages.HomePageTest" name="a_use_of_sendKeys_method" time="9.37"/>
  <testcase classname="testPages.HomePageTest" name="a_use_of_sendkeys_method_then_click_submit_and_click_clear01" time="37.777"/>
  <testcase classname="testPages.HomePageTest" name="a_use_of_sendkeys_method_then_click_by_enter_and_click_clear" time="21.755"/>
  <testcase classname="testPages.HomePageTest" name="use_of_navigate_method" time="22.552"/>
  <testcase classname="testPages.HomePageTest" name="set_a_specific_size_of_windows" time="19.122"/>
</testsuite> <!-- Default test -->
