<?xml version="1.0" encoding="UTF-8"?>
<!-- Generated by org.testng.reporters.JUnitReportReporter -->
<testsuite hostname="Abdullah-Harun" failures="0" tests="30" name="testPages.HomePageTest" time="426.704" errors="1" timestamp="2022-10-01T16:17:53 EDT" skipped="0">
  <testcase classname="testPages.HomePageTest" name="logoTest" time="8.733"/>
  <system-out/>
  <testcase classname="testPages.HomePageTest" name="aboutUsclicked" time="13.615"/>
  <system-out/>
  <testcase classname="testPages.HomePageTest" name="ATMLocationclicked" time="9.452"/>
  <system-out/>
  <testcase classname="testPages.HomePageTest" name="redColorSignButtonFieldTest" time="10.709"/>
  <system-out/>
  <testcase classname="testPages.HomePageTest" name="whitecolorSignonButtonclicked" time="9.770"/>
  <system-out/>
  <testcase classname="testPages.HomePageTest" name="forgotUsernameOrPasswordclicked" time="9.508"/>
  <system-out/>
  <testcase classname="testPages.HomePageTest" name="Privacy_Cookies_and_Legal_clicked_Test" time="10.731"/>
  <system-out/>
  <testcase classname="testPages.HomePageTest" name="searchbuttonIdclickedTest" time="11.745"/>
  <system-out/>
  <testcase classname="testPages.HomePageTest" name="clicked_Security_Center_Test" time="15.056"/>
  <system-out/>
  <testcase classname="testPages.HomePageTest" name="redcolorsignonbuttonclickedTest" time="12.175"/>
  <system-out/>
  <testcase classname="testPages.HomePageTest" name="startNowButtonClicked" time="9.513"/>
  <system-out/>
  <testcase classname="testPages.HomePageTest" name="privacyCookiesandLegal" time="30.958">
    <error message="timeout: Timed out receiving message from renderer: 20.000
  (Session info: chrome=105.0.5195.127)
Build info: version: &#039;4.4.0&#039;, revision: &#039;e5c75ed026a&#039;
System info: host: &#039;ABDULLAH-HARUN&#039;, ip: &#039;192.168.0.25&#039;, os.name: &#039;Windows 11&#039;, os.arch: &#039;amd64&#039;, os.version: &#039;10.0&#039;, java.version: &#039;17.0.3&#039;
Driver info: org.openqa.selenium.chrome.ChromeDriver
Command: [5b795e0d9afd0803084087b232fb7ebd, clickElement {id=84e90b15-6c84-4d87-a22b-3314170f0d62}]
Capabilities {acceptInsecureCerts: false, browserName: chrome, browserVersion: 105.0.5195.127, chrome: {chromedriverVersion: 105.0.5195.52 (412c95e51883..., userDataDir: C:\Users\aalha\AppData\Loca...}, goog:chromeOptions: {debuggerAddress: localhost:61557}, networkConnectionEnabled: false, pageLoadStrategy: normal, platformName: WINDOWS, proxy: Proxy(), se:cdp: ws://localhost:61557/devtoo..., se:cdpVersion: 105.0.5195.127, setWindowRect: true, strictFileInteractability: false, timeouts: {implicit: 0, pageLoad: 300000, script: 30000}, unhandledPromptBehavior: dismiss and notify, webauthn:extension:credBlob: true, webauthn:extension:largeBlob: true, webauthn:virtualAuthenticators: true}
Element: [[ChromeDriver: chrome on WINDOWS (5b795e0d9afd0803084087b232fb7ebd)] -&gt; link text: Privacy, Cookies, and Legal]
Session ID: 5b795e0d9afd0803084087b232fb7ebd" type="org.openqa.selenium.TimeoutException">
      <![CDATA[org.openqa.selenium.TimeoutException: timeout: Timed out receiving message from renderer: 20.000
  (Session info: chrome=105.0.5195.127)
Build info: version: '4.4.0', revision: 'e5c75ed026a'
System info: host: 'ABDULLAH-HARUN', ip: '192.168.0.25', os.name: 'Windows 11', os.arch: 'amd64', os.version: '10.0', java.version: '17.0.3'
Driver info: org.openqa.selenium.chrome.ChromeDriver
Command: [5b795e0d9afd0803084087b232fb7ebd, clickElement {id=84e90b15-6c84-4d87-a22b-3314170f0d62}]
Capabilities {acceptInsecureCerts: false, browserName: chrome, browserVersion: 105.0.5195.127, chrome: {chromedriverVersion: 105.0.5195.52 (412c95e51883..., userDataDir: C:\Users\aalha\AppData\Loca...}, goog:chromeOptions: {debuggerAddress: localhost:61557}, networkConnectionEnabled: false, pageLoadStrategy: normal, platformName: WINDOWS, proxy: Proxy(), se:cdp: ws://localhost:61557/devtoo..., se:cdpVersion: 105.0.5195.127, setWindowRect: true, strictFileInteractability: false, timeouts: {implicit: 0, pageLoad: 300000, script: 30000}, unhandledPromptBehavior: dismiss and notify, webauthn:extension:credBlob: true, webauthn:extension:largeBlob: true, webauthn:virtualAuthenticators: true}
Element: [[ChromeDriver: chrome on WINDOWS (5b795e0d9afd0803084087b232fb7ebd)] -> link text: Privacy, Cookies, and Legal]
Session ID: 5b795e0d9afd0803084087b232fb7ebd
at java.base/jdk.internal.reflect.NativeConstructorAccessorImpl.newInstance0(Native Method)
at java.base/jdk.internal.reflect.NativeConstructorAccessorImpl.newInstance(NativeConstructorAccessorImpl.java:77)
at java.base/jdk.internal.reflect.DelegatingConstructorAccessorImpl.newInstance(DelegatingConstructorAccessorImpl.java:45)
at java.base/java.lang.reflect.Constructor.newInstanceWithCaller(Constructor.java:499)
at java.base/java.lang.reflect.Constructor.newInstance(Constructor.java:480)
at org.openqa.selenium.remote.codec.w3c.W3CHttpResponseCodec.createException(W3CHttpResponseCodec.java:200)
at org.openqa.selenium.remote.codec.w3c.W3CHttpResponseCodec.decode(W3CHttpResponseCodec.java:133)
at org.openqa.selenium.remote.codec.w3c.W3CHttpResponseCodec.decode(W3CHttpResponseCodec.java:53)
at org.openqa.selenium.remote.HttpCommandExecutor.execute(HttpCommandExecutor.java:184)
at org.openqa.selenium.remote.service.DriverCommandExecutor.invokeExecute(DriverCommandExecutor.java:167)
at org.openqa.selenium.remote.service.DriverCommandExecutor.execute(DriverCommandExecutor.java:142)
at org.openqa.selenium.remote.RemoteWebDriver.execute(RemoteWebDriver.java:547)
at org.openqa.selenium.remote.RemoteWebElement.execute(RemoteWebElement.java:257)
at org.openqa.selenium.remote.RemoteWebElement.click(RemoteWebElement.java:78)
at testPages.HomePageTest.privacyCookiesandLegal(HomePageTest.java:82)
at java.base/jdk.internal.reflect.NativeMethodAccessorImpl.invoke0(Native Method)
at java.base/jdk.internal.reflect.NativeMethodAccessorImpl.invoke(NativeMethodAccessorImpl.java:77)
at java.base/jdk.internal.reflect.DelegatingMethodAccessorImpl.invoke(DelegatingMethodAccessorImpl.java:43)
at java.base/java.lang.reflect.Method.invoke(Method.java:568)
at org.testng.internal.invokers.MethodInvocationHelper.invokeMethod(MethodInvocationHelper.java:139)
at org.testng.internal.invokers.TestInvoker.invokeMethod(TestInvoker.java:677)
at org.testng.internal.invokers.TestInvoker.invokeTestMethod(TestInvoker.java:221)
at org.testng.internal.invokers.MethodRunner.runInSequence(MethodRunner.java:50)
at org.testng.internal.invokers.TestInvoker$MethodInvocationAgent.invoke(TestInvoker.java:962)
at org.testng.internal.invokers.TestInvoker.invokeTestMethods(TestInvoker.java:194)
at org.testng.internal.invokers.TestMethodWorker.invokeTestMethods(TestMethodWorker.java:148)
at org.testng.internal.invokers.TestMethodWorker.run(TestMethodWorker.java:128)
at java.base/java.util.ArrayList.forEach(ArrayList.java:1511)
at org.testng.TestRunner.privateRun(TestRunner.java:806)
at org.testng.TestRunner.run(TestRunner.java:601)
at org.testng.SuiteRunner.runTest(SuiteRunner.java:433)
at org.testng.SuiteRunner.runSequentially(SuiteRunner.java:427)
at org.testng.SuiteRunner.privateRun(SuiteRunner.java:387)
at org.testng.SuiteRunner.run(SuiteRunner.java:330)
at org.testng.SuiteRunnerWorker.runSuite(SuiteRunnerWorker.java:52)
at org.testng.SuiteRunnerWorker.run(SuiteRunnerWorker.java:95)
at org.testng.TestNG.runSuitesSequentially(TestNG.java:1256)
at org.testng.TestNG.runSuitesLocally(TestNG.java:1176)
at org.testng.TestNG.runSuites(TestNG.java:1099)
at org.testng.TestNG.run(TestNG.java:1067)
at org.testng.remote.AbstractRemoteTestNG.run(AbstractRemoteTestNG.java:115)
at org.testng.remote.RemoteTestNG.initAndRun(RemoteTestNG.java:251)
at org.testng.remote.RemoteTestNG.main(RemoteTestNG.java:77)
]]>
    </error>
  </testcase> <!-- privacyCookiesandLegal -->
  <system-out/>
  <testcase classname="testPages.HomePageTest" name="privacyCookiesandLegal01" time="20.325"/>
  <system-out/>
  <testcase classname="testPages.HomePageTest" name="whiteColorsignonbuttonclicked" time="17.507"/>
  <system-out/>
  <testcase classname="testPages.HomePageTest" name="findaLocationClicked" time="9.967"/>
  <system-out/>
  <testcase classname="testPages.HomePageTest" name="redcolorSignOnButtonClicked01" time="10.445"/>
  <system-out/>
  <testcase classname="testPages.HomePageTest" name="redcolorSignOnButtonClicked02" time="10.796"/>
  <system-out/>
  <testcase classname="testPages.HomePageTest" name="tableTest" time="6.750"/>
  <system-out/>
  <testcase classname="testPages.HomePageTest" name="logoTest02" time="2.826"/>
  <system-out/>
  <testcase classname="testPages.HomePageTest" name="redColorSignonButtonClickedTest" time="8.918"/>
  <system-out/>
  <testcase classname="testPages.HomePageTest" name="save_Username_Is_Selected_Test" time="8.391"/>
  <system-out/>
  <testcase classname="testPages.HomePageTest" name="A_Use_Of_gettitle_method" time="13.465"/>
  <system-out/>
  <testcase classname="testPages.HomePageTest" name="A_use_of_gettext_method" time="8.996"/>
  <system-out/>
  <testcase classname="testPages.HomePageTest" name="use_op_getCurrentURL_method" time="19.656"/>
  <system-out/>
  <testcase classname="testPages.HomePageTest" name="use_of_getattribute_method" time="3.149"/>
  <system-out/>
  <testcase classname="testPages.HomePageTest" name="a_use_of_sendKeys_method" time="20.788"/>
  <system-out/>
  <testcase classname="testPages.HomePageTest" name="a_use_of_sendkeys_method_then_click_submit_and_click_clear01" time="41.908"/>
  <system-out/>
  <testcase classname="testPages.HomePageTest" name="a_use_of_sendkeys_method_then_click_by_enter_and_click_clear" time="24.209"/>
  <system-out/>
  <testcase classname="testPages.HomePageTest" name="use_of_navigate_method" time="24.941"/>
  <system-out/>
  <testcase classname="testPages.HomePageTest" name="set_a_specific_size_of_windows" time="21.702"/>
  <system-out/>
</testsuite> <!-- testPages.HomePageTest -->
